[2026-01-19 00:00:03] [INFO] [Thread-3 (get_audio)] — Recorded
[2026-01-19 00:00:03] [INFO] [Thread-4 (audio_to_text)] — Converting to text
[2026-01-19 00:00:07] [INFO] [Thread-4 (audio_to_text)] — Converted audio text -  Set schedule.
[2026-01-19 00:00:07] [INFO] [Thread-5 (processor)] — Recording started..
[2026-01-19 00:00:07] [INFO] [Thread-8 (text_to_audio)] — Text is converting to audio
[2026-01-19 00:00:09] [INFO] [Thread-8 (text_to_audio)] — converted to audio
[2026-01-19 00:00:13] [INFO] [Thread-5 (processor)] — Recorded
[2026-01-19 00:00:13] [INFO] [Thread-5 (processor)] — Converting to text
[2026-01-19 00:00:17] [INFO] [Thread-5 (processor)] — Converted audio text -  Do you have any assignments? I need one half for assignments.
[2026-01-19 00:00:17] [INFO] [Thread-5 (processor)] — Recording started..
[2026-01-19 00:00:17] [INFO] [Thread-8 (text_to_audio)] — Text is converting to audio
[2026-01-19 00:00:20] [INFO] [Thread-8 (text_to_audio)] — converted to audio
[2026-01-19 00:00:24] [INFO] [Thread-5 (processor)] — Recorded
[2026-01-19 00:00:24] [INFO] [Thread-5 (processor)] — Converting to text
[2026-01-19 00:00:28] [INFO] [Thread-5 (processor)] — Converted audio text -  Do you have any projects? I need one hard for projects.
[2026-01-19 00:00:28] [INFO] [Thread-5 (processor)] — Recording started..
[2026-01-19 00:00:28] [INFO] [Thread-8 (text_to_audio)] — Text is converting to audio
[2026-01-19 00:00:30] [INFO] [Thread-8 (text_to_audio)] — converted to audio
[2026-01-19 00:00:34] [INFO] [Thread-5 (processor)] — Recorded
[2026-01-19 00:00:34] [INFO] [Thread-5 (processor)] — Converting to text
[2026-01-19 00:00:38] [INFO] [Thread-5 (processor)] — Converted audio text -  Do you have any learning to do? I need two hours for learning.
[2026-01-19 00:00:38] [INFO] [Thread-5 (processor)] — Recording started..
[2026-01-19 00:00:38] [INFO] [Thread-8 (text_to_audio)] — Text is converting to audio
[2026-01-19 00:00:41] [INFO] [Thread-8 (text_to_audio)] — converted to audio
[2026-01-19 00:00:45] [INFO] [Thread-5 (processor)] — Recorded
[2026-01-19 00:00:45] [INFO] [Thread-5 (processor)] — Converting to text
[2026-01-19 00:00:49] [INFO] [Thread-5 (processor)] — Converted audio text -  Do you have any exercise to do? I need one half for exercising.
[2026-01-19 00:00:49] [INFO] [Thread-5 (processor)] — Recording started..
[2026-01-19 00:00:49] [INFO] [Thread-8 (text_to_audio)] — Text is converting to audio
[2026-01-19 00:00:51] [INFO] [Thread-8 (text_to_audio)] — converted to audio
[2026-01-19 00:00:55] [INFO] [Thread-5 (processor)] — Recorded
[2026-01-19 00:00:55] [INFO] [Thread-5 (processor)] — Converting to text
[2026-01-19 00:00:59] [INFO] [Thread-5 (processor)] — Converted audio text -  What is your college time? 6 a.m. to 6 p.m.
[2026-01-19 00:00:59] [INFO] [Thread-5 (processor)] — Recording started..
[2026-01-19 00:00:59] [INFO] [Thread-8 (text_to_audio)] — Text is converting to audio
[2026-01-19 00:01:01] [INFO] [Thread-8 (text_to_audio)] — converted to audio
[2026-01-19 00:01:05] [INFO] [Thread-5 (processor)] — Recorded
[2026-01-19 00:01:05] [INFO] [Thread-5 (processor)] — Converting to text
[2026-01-19 00:01:09] [INFO] [Thread-5 (processor)] — Converted audio text -  What is your class time? I don't have class tomorrow.
[2026-01-19 00:01:09] [INFO] [Thread-8 (text_to_audio)] — Text is converting to audio
[2026-01-19 00:01:09] [INFO] [Thread-8 (text_to_audio)] — converted to audio
[2026-01-19 00:01:18] [INFO] [MainThread] — Assistant shutting down gracefully.
[2026-01-19 00:02:57] [INFO] [MainThread] — ==Assistant started==
[2026-01-19 00:02:57] [INFO] [MainThread] — Python version: 3.13.1 (tags/v3.13.1:0671451, Dec  3 2024, 19:06:28) [MSC v.1942 64 bit (AMD64)]
[2026-01-19 00:02:57] [INFO] [MainThread] — Using Whisper: base | Wake word: max.ppn
[2026-01-19 00:02:57] [INFO] [Thread-2 (wake_up)] — Waking up...
[2026-01-19 00:02:59] [INFO] [Thread-2 (wake_up)] — assistant listening
[2026-01-19 00:02:59] [INFO] [Thread-3 (get_audio)] — Recording started..
[2026-01-19 00:03:05] [INFO] [Thread-3 (get_audio)] — Recorded
[2026-01-19 00:03:05] [INFO] [Thread-4 (audio_to_text)] — Converting to text
[2026-01-19 00:03:09] [INFO] [Thread-4 (audio_to_text)] — Converted audio text -  Set schedule.
[2026-01-19 00:03:09] [INFO] [Thread-8 (text_to_audio)] — Text is converting to audio
[2026-01-19 00:03:11] [INFO] [Thread-8 (text_to_audio)] — converted to audio
[2026-01-19 00:03:12] [INFO] [Thread-5 (processor)] — Recording started..
[2026-01-19 00:03:18] [INFO] [Thread-5 (processor)] — Recorded
[2026-01-19 00:03:18] [INFO] [Thread-5 (processor)] — Converting to text
[2026-01-19 00:03:21] [INFO] [Thread-5 (processor)] — Converted audio text -  I need one hour for assignments
[2026-01-19 00:03:21] [INFO] [Thread-8 (text_to_audio)] — Text is converting to audio
[2026-01-19 00:03:23] [INFO] [Thread-8 (text_to_audio)] — converted to audio
[2026-01-19 00:03:24] [INFO] [Thread-5 (processor)] — Recording started..
[2026-01-19 00:03:30] [INFO] [Thread-5 (processor)] — Recorded
[2026-01-19 00:03:30] [INFO] [Thread-5 (processor)] — Converting to text
[2026-01-19 00:03:34] [INFO] [Thread-5 (processor)] — Converted audio text -  I need one half for projects. I need one half for projects.
[2026-01-19 00:03:34] [INFO] [Thread-8 (text_to_audio)] — Text is converting to audio
[2026-01-19 00:03:37] [INFO] [Thread-8 (text_to_audio)] — converted to audio
[2026-01-19 00:03:37] [INFO] [Thread-5 (processor)] — Recording started..
[2026-01-19 00:03:43] [INFO] [Thread-5 (processor)] — Recorded
[2026-01-19 00:03:43] [INFO] [Thread-5 (processor)] — Converting to text
[2026-01-19 00:03:46] [INFO] [Thread-5 (processor)] — Converted audio text -  I need 2 hours for learning.
[2026-01-19 00:03:46] [INFO] [Thread-8 (text_to_audio)] — Text is converting to audio
[2026-01-19 00:03:49] [INFO] [Thread-8 (text_to_audio)] — converted to audio
[2026-01-19 00:03:49] [INFO] [Thread-5 (processor)] — Recording started..
[2026-01-19 00:03:55] [INFO] [Thread-5 (processor)] — Recorded
[2026-01-19 00:03:55] [INFO] [Thread-5 (processor)] — Converting to text
[2026-01-19 00:03:59] [INFO] [Thread-5 (processor)] — Converted audio text -  I need one hard for exercising.
[2026-01-19 00:03:59] [INFO] [Thread-8 (text_to_audio)] — Text is converting to audio
[2026-01-19 00:04:01] [INFO] [Thread-8 (text_to_audio)] — converted to audio
[2026-01-19 00:04:02] [INFO] [Thread-5 (processor)] — Recording started..
[2026-01-19 00:04:08] [INFO] [Thread-5 (processor)] — Recorded
[2026-01-19 00:04:08] [INFO] [Thread-5 (processor)] — Converting to text
[2026-01-19 00:04:11] [INFO] [Thread-5 (processor)] — Converted audio text -  time to 6 p.m.
[2026-01-19 00:04:11] [INFO] [Thread-8 (text_to_audio)] — Text is converting to audio
[2026-01-19 00:04:13] [INFO] [Thread-8 (text_to_audio)] — converted to audio
[2026-01-19 00:04:14] [INFO] [Thread-5 (processor)] — Recording started..
[2026-01-19 00:04:20] [INFO] [Thread-5 (processor)] — Recorded
[2026-01-19 00:04:20] [INFO] [Thread-5 (processor)] — Converting to text
[2026-01-19 00:04:24] [INFO] [Thread-5 (processor)] — Converted audio text -  We have class tomorrow.
[2026-01-19 00:04:24] [INFO] [Thread-8 (text_to_audio)] — Text is converting to audio
[2026-01-19 00:04:24] [INFO] [Thread-8 (text_to_audio)] — converted to audio
[2026-01-19 00:04:39] [INFO] [MainThread] — Assistant shutting down gracefully.
[2026-01-19 00:20:34] [INFO] [MainThread] — ==Assistant started==
[2026-01-19 00:20:34] [INFO] [MainThread] — Python version: 3.13.1 (tags/v3.13.1:0671451, Dec  3 2024, 19:06:28) [MSC v.1942 64 bit (AMD64)]
[2026-01-19 00:20:34] [INFO] [MainThread] — Using Whisper: base | Wake word: max.ppn
[2026-01-19 00:20:35] [INFO] [Thread-2 (wake_up)] — Waking up...
[2026-01-19 00:20:38] [INFO] [Thread-2 (wake_up)] — assistant listening
[2026-01-19 00:20:38] [INFO] [Thread-3 (get_audio)] — Recording started..
[2026-01-19 00:20:44] [INFO] [Thread-3 (get_audio)] — Recorded
[2026-01-19 00:20:44] [INFO] [Thread-4 (audio_to_text)] — Converting to text
[2026-01-19 00:20:48] [INFO] [Thread-4 (audio_to_text)] — Converted audio text -  set schedule
[2026-01-19 00:20:48] [INFO] [Thread-8 (text_to_audio)] — Text is converting to audio
[2026-01-19 00:20:50] [INFO] [Thread-8 (text_to_audio)] — converted to audio
[2026-01-19 00:20:51] [INFO] [Thread-5 (processor)] — Recording started..
[2026-01-19 00:20:57] [INFO] [Thread-5 (processor)] — Recorded
[2026-01-19 00:20:57] [INFO] [Thread-5 (processor)] — Converting to text
[2026-01-19 00:21:00] [INFO] [Thread-5 (processor)] — Converted audio text -  I need one hour for assignments
[2026-01-19 00:21:00] [INFO] [Thread-8 (text_to_audio)] — Text is converting to audio
[2026-01-19 00:21:03] [INFO] [Thread-8 (text_to_audio)] — converted to audio
[2026-01-19 00:21:03] [INFO] [Thread-5 (processor)] — Recording started..
[2026-01-19 00:21:09] [INFO] [Thread-5 (processor)] — Recorded
[2026-01-19 00:21:09] [INFO] [Thread-5 (processor)] — Converting to text
[2026-01-19 00:21:12] [INFO] [Thread-5 (processor)] — Converted audio text -  who are for projects.
[2026-01-19 00:21:12] [INFO] [Thread-8 (text_to_audio)] — Text is converting to audio
[2026-01-19 00:21:15] [INFO] [Thread-8 (text_to_audio)] — converted to audio
[2026-01-19 00:21:15] [INFO] [Thread-5 (processor)] — Recording started..
[2026-01-19 00:21:18] [INFO] [MainThread] — Assistant shutting down gracefully.
[2026-01-19 00:21:28] [INFO] [MainThread] — ==Assistant started==
[2026-01-19 00:21:28] [INFO] [MainThread] — Python version: 3.13.1 (tags/v3.13.1:0671451, Dec  3 2024, 19:06:28) [MSC v.1942 64 bit (AMD64)]
[2026-01-19 00:21:28] [INFO] [MainThread] — Using Whisper: base | Wake word: max.ppn
[2026-01-19 00:21:28] [INFO] [Thread-2 (wake_up)] — Waking up...
[2026-01-19 00:21:45] [INFO] [Thread-2 (wake_up)] — assistant listening
[2026-01-19 00:21:45] [INFO] [Thread-3 (get_audio)] — Recording started..
[2026-01-19 00:21:51] [INFO] [Thread-3 (get_audio)] — Recorded
[2026-01-19 00:21:51] [INFO] [Thread-4 (audio_to_text)] — Converting to text
[2026-01-19 00:21:54] [INFO] [Thread-4 (audio_to_text)] — Converted audio text -  said schedule
[2026-01-19 00:21:54] [INFO] [Thread-5 (processor)] — Answering the query...
[2026-01-19 00:22:01] [INFO] [MainThread] — Assistant shutting down gracefully.
[2026-01-19 00:22:28] [INFO] [MainThread] — ==Assistant started==
[2026-01-19 00:22:28] [INFO] [MainThread] — Python version: 3.13.1 (tags/v3.13.1:0671451, Dec  3 2024, 19:06:28) [MSC v.1942 64 bit (AMD64)]
[2026-01-19 00:22:28] [INFO] [MainThread] — Using Whisper: base | Wake word: max.ppn
[2026-01-19 00:22:29] [INFO] [Thread-2 (wake_up)] — Waking up...
[2026-01-19 00:22:35] [INFO] [Thread-2 (wake_up)] — assistant listening
[2026-01-19 00:22:35] [INFO] [Thread-3 (get_audio)] — Recording started..
[2026-01-19 00:22:41] [INFO] [Thread-3 (get_audio)] — Recorded
[2026-01-19 00:22:41] [INFO] [Thread-4 (audio_to_text)] — Converting to text
[2026-01-19 00:22:44] [INFO] [Thread-4 (audio_to_text)] — Converted audio text -  Sad schedule
[2026-01-19 00:22:44] [INFO] [Thread-5 (processor)] — Answering the query...
[2026-01-19 00:22:49] [INFO] [MainThread] — Assistant shutting down gracefully.
[2026-01-19 00:23:00] [INFO] [MainThread] — ==Assistant started==
[2026-01-19 00:23:00] [INFO] [MainThread] — Python version: 3.13.1 (tags/v3.13.1:0671451, Dec  3 2024, 19:06:28) [MSC v.1942 64 bit (AMD64)]
[2026-01-19 00:23:00] [INFO] [MainThread] — Using Whisper: base | Wake word: max.ppn
[2026-01-19 00:23:01] [INFO] [Thread-2 (wake_up)] — Waking up...
[2026-01-19 00:23:03] [INFO] [Thread-2 (wake_up)] — assistant listening
[2026-01-19 00:23:03] [INFO] [Thread-3 (get_audio)] — Recording started..
[2026-01-19 00:23:09] [INFO] [Thread-3 (get_audio)] — Recorded
[2026-01-19 00:23:09] [INFO] [Thread-4 (audio_to_text)] — Converting to text
[2026-01-19 00:23:13] [INFO] [Thread-4 (audio_to_text)] — Converted audio text -  Set schedule.
[2026-01-19 00:23:13] [INFO] [Thread-8 (text_to_audio)] — Text is converting to audio
[2026-01-19 00:23:15] [INFO] [Thread-8 (text_to_audio)] — converted to audio
[2026-01-19 00:23:16] [INFO] [Thread-5 (processor)] — Recording started..
[2026-01-19 00:23:22] [INFO] [Thread-5 (processor)] — Recorded
[2026-01-19 00:23:22] [INFO] [Thread-5 (processor)] — Converting to text
[2026-01-19 00:23:25] [INFO] [Thread-5 (processor)] — Converted audio text -  I need one hour for assignments
[2026-01-19 00:23:25] [INFO] [Thread-8 (text_to_audio)] — Text is converting to audio
[2026-01-19 00:23:28] [INFO] [Thread-8 (text_to_audio)] — converted to audio
[2026-01-19 00:23:28] [INFO] [Thread-5 (processor)] — Recording started..
[2026-01-19 00:23:34] [INFO] [Thread-5 (processor)] — Recorded
[2026-01-19 00:23:34] [INFO] [Thread-5 (processor)] — Converting to text
[2026-01-19 00:23:37] [INFO] [Thread-5 (processor)] — Converted audio text -  I need two hours for project
[2026-01-19 00:23:38] [INFO] [Thread-8 (text_to_audio)] — Text is converting to audio
[2026-01-19 00:23:40] [INFO] [Thread-8 (text_to_audio)] — converted to audio
[2026-01-19 00:23:41] [INFO] [Thread-5 (processor)] — Recording started..
[2026-01-19 00:23:47] [INFO] [Thread-5 (processor)] — Recorded
[2026-01-19 00:23:47] [INFO] [Thread-5 (processor)] — Converting to text
[2026-01-19 00:23:50] [INFO] [Thread-5 (processor)] — Converted audio text -  need one heart for learning.
[2026-01-19 00:23:50] [INFO] [Thread-8 (text_to_audio)] — Text is converting to audio
[2026-01-19 00:23:52] [INFO] [Thread-8 (text_to_audio)] — converted to audio
[2026-01-19 00:23:53] [INFO] [Thread-5 (processor)] — Recording started..
[2026-01-19 00:23:59] [INFO] [Thread-5 (processor)] — Recorded
[2026-01-19 00:23:59] [INFO] [Thread-5 (processor)] — Converting to text
[2026-01-19 00:24:02] [INFO] [Thread-5 (processor)] — Converted audio text -  I need one hour for exercising.
[2026-01-19 00:24:02] [INFO] [Thread-8 (text_to_audio)] — Text is converting to audio
[2026-01-19 00:24:04] [INFO] [Thread-8 (text_to_audio)] — converted to audio
[2026-01-19 00:24:05] [INFO] [Thread-5 (processor)] — Recording started..
[2026-01-19 00:24:11] [INFO] [Thread-5 (processor)] — Recorded
[2026-01-19 00:24:11] [INFO] [Thread-5 (processor)] — Converting to text
[2026-01-19 00:24:14] [INFO] [Thread-5 (processor)] — Converted audio text -  from 6 a.m. to 6 p.m.
[2026-01-19 00:24:15] [INFO] [Thread-8 (text_to_audio)] — Text is converting to audio
[2026-01-19 00:24:17] [INFO] [Thread-8 (text_to_audio)] — converted to audio
[2026-01-19 00:24:18] [INFO] [Thread-5 (processor)] — Recording started..
[2026-01-19 00:24:24] [INFO] [Thread-5 (processor)] — Recorded
[2026-01-19 00:24:24] [INFO] [Thread-5 (processor)] — Converting to text
[2026-01-19 00:24:27] [INFO] [Thread-5 (processor)] — Converted audio text -  I don't have any class tomorrow.
[2026-01-19 00:24:28] [INFO] [Thread-8 (text_to_audio)] — Text is converting to audio
[2026-01-19 00:24:30] [INFO] [Thread-8 (text_to_audio)] — converted to audio
[2026-01-19 00:25:09] [INFO] [MainThread] — Assistant shutting down gracefully.
